=========Starting Training==========
 Epoch  |  Train Loss  |  Val Loss  |  Val Acc  |  Elapsed 
------------------------------------------------------------
Validation loss decreased (inf --> 1.098439).  Saving model ...
   1    |   1.098575   |  1.098439  |   34.19   |  694.91  
Validation loss decreased (1.098439 --> 1.098383).  Saving model ...
   2    |   1.098510   |  1.098383  |   34.19   |  697.28  
Validation loss decreased (1.098383 --> 1.098209).  Saving model ...
   3    |   1.098404   |  1.098209  |   34.19   |  721.37  
Validation loss decreased (1.098209 --> 1.096271).  Saving model ...
   4    |   1.097755   |  1.096271  |   34.61   |  740.20  
Validation loss decreased (1.096271 --> 0.887419).  Saving model ...
   5    |   1.029901   |  0.887419  |   53.81   |  737.43  
Validation loss decreased (0.887419 --> 0.755923).  Saving model ...
   6    |   0.819687   |  0.755923  |   65.08   |  724.98  
Validation loss decreased (0.755923 --> 0.661666).  Saving model ...
   7    |   0.712001   |  0.661666  |   70.88   |  719.08  
Validation loss decreased (0.661666 --> 0.565228).  Saving model ...
   8    |   0.613450   |  0.565228  |   76.23   |  718.08  
Validation loss decreased (0.565228 --> 0.502636).  Saving model ...
   9    |   0.528980   |  0.502636  |   78.85   |  711.18  
Validation loss decreased (0.502636 --> 0.468954).  Saving model ...
  10    |   0.483761   |  0.468954  |   80.32   |  706.64  


==========Best Accuracy After training================ 80.32038879394531