=========Starting Training==========
 Epoch  |  Train Loss  |  Val Loss  |  Val Acc  |  Elapsed 
------------------------------------------------------------
Validation loss decreased (inf --> 1.098439).  Saving model ...
   1    |   1.098575   |  1.098439  |   34.19   |  696.65  
Validation loss decreased (1.098439 --> 1.098383).  Saving model ...
   2    |   1.098510   |  1.098383  |   34.19   |  659.64  
Validation loss decreased (1.098383 --> 1.098209).  Saving model ...
   3    |   1.098404   |  1.098209  |   34.19   |  658.24  
Validation loss decreased (1.098209 --> 1.096271).  Saving model ...
   4    |   1.097755   |  1.096271  |   34.61   |  657.01  
Validation loss decreased (1.096271 --> 0.887419).  Saving model ...
   5    |   1.029901   |  0.887419  |   53.81   |  654.12  
Validation loss decreased (0.887419 --> 0.755923).  Saving model ...
   6    |   0.819687   |  0.755923  |   65.08   |  650.70  
Validation loss decreased (0.755923 --> 0.661666).  Saving model ...
   7    |   0.712001   |  0.661666  |   70.88   |  653.76  
Validation loss decreased (0.661666 --> 0.563488).  Saving model ...
   8    |   0.613213   |  0.563488  |   76.29   |  660.53  
Validation loss decreased (0.563488 --> 0.496144).  Saving model ...
   9    |   0.527185   |  0.496144  |   78.92   |  679.63  
Validation loss decreased (0.496144 --> 0.467877).  Saving model ...
  10    |   0.483852   |  0.467877  |   80.45   |  674.09  
Validation loss decreased (0.467877 --> 0.447509).  Saving model ...
  11    |   0.461655   |  0.447509  |   81.84   |  672.69  
Validation loss decreased (0.447509 --> 0.425896).  Saving model ...
  12    |   0.438756   |  0.425896  |   82.70   |  675.78  
Validation loss decreased (0.425896 --> 0.406303).  Saving model ...
  13    |   0.417304   |  0.406303  |   83.49   |  673.11  
Validation loss decreased (0.406303 --> 0.392608).  Saving model ...
  14    |   0.400007   |  0.392608  |   83.94   |  647.32  
Validation loss decreased (0.392608 --> 0.380696).  Saving model ...
  15    |   0.384339   |  0.380696  |   84.47   |  664.91  


==========Best Accuracy After training================ 84.4744644165039